Arguments: 
  C:\Program Files\nodejs\node.exe C:\Users\local.81254880\AppData\Roaming\npm\node_modules\yarn\bin\yarn.js add events

PATH: 
  C:\Users\local.81254880\bin;C:\Program Files\Git\mingw64\bin;C:\Program Files\Git\usr\local\bin;C:\Program Files\Git\usr\bin;C:\Program Files\Git\usr\bin;C:\Program Files\Git\mingw64\bin;C:\Program Files\Git\usr\bin;C:\Users\local.81254880\bin;C:\Program Files\Common Files\Oracle\Java\javapath;C:\Windows\system32;C:\Windows;C:\Windows\System32\Wbem;C:\Windows\System32\WindowsPowerShell\v1.0;C:\Windows\System32\OpenSSH;C:\Program Files (x86)\Pulse Secure\VC142.CRT\X64;C:\Program Files (x86)\Pulse Secure\VC142.CRT\X86;C:\Program Files\Git\cmd;C:\Program Files\nodejs;C:\Program Files\dotnet;C:\Users\local.81254880\AppData\Local\Microsoft\WindowsApps;C:\Users\local.81254880\AppData\Local\Programs\Microsoft VS Code\bin;C:\Users\local.81254880\AppData\Roaming\npm;C:\Users\local.81254880\.dotnet\tools;C:\Program Files\Git\usr\bin\vendor_perl;C:\Program Files\Git\usr\bin\core_perl

Yarn version: 
  1.22.17

Node version: 
  16.13.0

Platform: 
  win32 x64

Trace: 
  Error: connect ECONNABORTED 104.16.25.35:443
      at TCPConnectWrap.afterConnect [as oncomplete] (node:net:1161:16)

npm manifest: 
  {
    "name": "@munster-dev/core",
    "version": "0.0.45",
    "main": "dist/index.js",
    "license": "MIT",
    "scripts": {
      "build": "tsc",
      "patch-release": "npm run build && npm version patch",
      "lint": "tsc --noEmit"
    },
    "devDependencies": {
      "@types/node": "^17.0.31",
      "@types/reflect-metadata": "^0.1.0",
      "typescript": "^4.6.4"
    },
    "dependencies": {
      "reflect-metadata": "^0.1.13"
    }
  }

yarn manifest: 
  No manifest

Lockfile: 
  # THIS IS AN AUTOGENERATED FILE. DO NOT EDIT THIS FILE DIRECTLY.
  # yarn lockfile v1
  
  
  "@types/node@^17.0.31":
    version "17.0.31"
    resolved "https://registry.yarnpkg.com/@types/node/-/node-17.0.31.tgz#a5bb84ecfa27eec5e1c802c6bbf8139bdb163a5d"
    integrity sha512-AR0x5HbXGqkEx9CadRH3EBYx/VkiUgZIhP4wvPn/+5KIsgpNoyFaRlVe0Zlx9gRtg8fA06a9tskE2MSN7TcG4Q==
  
  "@types/reflect-metadata@^0.1.0":
    version "0.1.0"
    resolved "https://registry.yarnpkg.com/@types/reflect-metadata/-/reflect-metadata-0.1.0.tgz#592805bdf6d63dd7229773218afeba37ac2eab16"
    integrity sha512-bXltFLY3qhzCnVYP5iUpeSICagQ8rc9K2liS+8M0lBcz54BHs3O6W5UvqespVSuebo1BXLi+/y9ioELAW9SC2A==
    dependencies:
      reflect-metadata "*"
  
  reflect-metadata@*, reflect-metadata@^0.1.13:
    version "0.1.13"
    resolved "https://registry.yarnpkg.com/reflect-metadata/-/reflect-metadata-0.1.13.tgz#67ae3ca57c972a2aa1642b10fe363fe32d49dc08"
    integrity sha512-Ts1Y/anZELhSsjMcU605fU9RE4Oi3p5ORujwbIKXfWa+0Zxs510Qrmrce5/Jowq3cHSZSJqBjypxmHarc+vEWg==
  
  typescript@^4.6.4:
    version "4.6.4"
    resolved "https://registry.yarnpkg.com/typescript/-/typescript-4.6.4.tgz#caa78bbc3a59e6a5c510d35703f6a09877ce45e9"
    integrity sha512-9ia/jWHIEbo49HfjrLGfKbZSuWo9iTMwXO+Ca3pRsSpbsMbc7/IU8NKdCZVRRBafVPGnoJeFL76ZOAA84I9fEg==
